Build started 12/12/2016 10:00:37 PM.
     1>Project "T:\courses\MALIS\tp2\CHEN\src\LabSession\LabSession.vcxproj" on node 2 (build target(s)).
     1>InitializeBuildStatus:
         Creating "Debug\LabSession.unsuccessfulbuild" because "AlwaysCreate" was specified.
       ClCompile:
         C:\Program Files (x86)\Microsoft Visual Studio 10.0\VC\bin\CL.exe /c /ZI /nologo /W1 /WX- /Od /Oy- /Gm- /EHsc /MD /GS /fp:precise /Zc:wchar_t /Zc:forScope /Fo"Debug\\" /Fd"Debug\vc100.pdb" /Gd /TP /analyze- /errorReport:prompt mlp.cpp
         mlp.cpp
       Link:
         C:\Program Files (x86)\Microsoft Visual Studio 10.0\VC\bin\link.exe /ERRORREPORT:PROMPT /OUT:"T:\courses\MALIS\tp2\CHEN\src\Debug\LabSession.exe" /NOLOGO kernel32.lib user32.lib gdi32.lib winspool.lib comdlg32.lib advapi32.lib shell32.lib ole32.lib oleaut32.lib uuid.lib odbc32.lib odbccp32.lib /MANIFEST /ManifestFile:"Debug\LabSession.exe.intermediate.manifest" /MANIFESTUAC:"level='asInvoker' uiAccess='false'" /DEBUG /PDB:"T:\courses\MALIS\tp2\CHEN\src\Debug\LabSession.pdb" /TLBID:1 /DYNAMICBASE /NXCOMPAT /IMPLIB:"T:\courses\MALIS\tp2\CHEN\src\Debug\LabSession.lib" /MACHINE:X86 Debug\Image.obj
         Debug\mlp.obj
         LINK : T:\courses\MALIS\tp2\CHEN\src\Debug\LabSession.exe not found or not built by the last incremental link; performing full link
         LabSession.vcxproj -> T:\courses\MALIS\tp2\CHEN\src\Debug\LabSession.exe
       Manifest:
         C:\Program Files (x86)\Microsoft SDKs\Windows\v7.0A\bin\mt.exe /nologo /verbose /outputresource:"T:\courses\MALIS\tp2\CHEN\src\Debug\LabSession.exe;#1" /manifest Debug\LabSession.exe.intermediate.manifest
       FinalizeBuildStatus:
         Deleting file "Debug\LabSession.unsuccessfulbuild".
         Touching "Debug\LabSession.lastbuildstate".
     1>Done Building Project "T:\courses\MALIS\tp2\CHEN\src\LabSession\LabSession.vcxproj" (build target(s)).

Build succeeded.

Time Elapsed 00:00:07.97
